<?xml version="1.0" encoding="UTF-8"?>
<!-- Generated by org.testng.reporters.JUnitXMLReporter -->
<testsuite ignored="0" hostname="DESKTOP-SBESDHB" failures="4" tests="7" name="Test" time="59.303" errors="0" timestamp="2025-04-06T13:21:19 IST">
  <testcase classname="testCases.TC001_AccountRegistrationTest" name="verify_account_registration" time="3.669"/>
  <testcase classname="testCases.TC002_LoginTest" name="verify_login" time="2.415"/>
  <testcase classname="testCases.TC003_LoginDDT" name="verify_LoginDDT" time="3.906"/>
  <testcase classname="testCases.TC003_LoginDDT" name="verify_LoginDDT" time="2.285">
    <failure type="java.lang.AssertionError" message="expected [true] but found [false]">
      <![CDATA[java.lang.AssertionError: expected [true] but found [false]
at testCases.TC003_LoginDDT.verify_LoginDDT(TC003_LoginDDT.java:56)
at java.base/java.util.ArrayList.forEach(ArrayList.java:1596)
... Removed 33 stack frames]]>
    </failure>
  </testcase> <!-- verify_LoginDDT -->
  <testcase classname="testCases.TC003_LoginDDT" name="verify_LoginDDT" time="10.154">
    <failure type="java.lang.AssertionError" message="null">
      <![CDATA[java.lang.AssertionError: null
at testCases.TC003_LoginDDT.verify_LoginDDT(TC003_LoginDDT.java:67)
at java.base/java.util.ArrayList.forEach(ArrayList.java:1596)
... Removed 31 stack frames]]>
    </failure>
  </testcase> <!-- verify_LoginDDT -->
  <testcase classname="testCases.TC003_LoginDDT" name="verify_LoginDDT" time="10.16">
    <failure type="java.lang.AssertionError" message="null">
      <![CDATA[java.lang.AssertionError: null
at testCases.TC003_LoginDDT.verify_LoginDDT(TC003_LoginDDT.java:67)
at java.base/java.util.ArrayList.forEach(ArrayList.java:1596)
... Removed 31 stack frames]]>
    </failure>
  </testcase> <!-- verify_LoginDDT -->
  <testcase classname="testCases.TC003_LoginDDT" name="verify_LoginDDT" time="10.105">
    <failure type="java.lang.AssertionError" message="null">
      <![CDATA[java.lang.AssertionError: null
at testCases.TC003_LoginDDT.verify_LoginDDT(TC003_LoginDDT.java:67)
at java.base/java.util.ArrayList.forEach(ArrayList.java:1596)
... Removed 31 stack frames]]>
    </failure>
  </testcase> <!-- verify_LoginDDT -->
</testsuite> <!-- Test -->
